<?xml version="1.0" encoding="UTF-8"?>
<!-- Generated by org.testng.reporters.JUnitXMLReporter -->
<testsuite ignored="0" hostname="ArunKamath" failures="0" tests="5" name="Default test" time="2.536" errors="0" timestamp="2023-09-01T22:42:10 IST">
  <testcase classname="opendrtest.opendr_appt_listing" name="@BeforeTest setup" time="1.621">
    <failure type="org.openqa.selenium.SessionNotCreatedException" message="session not created: This version of ChromeDriver only supports Chrome version 108
Current browser version is 116.0.5845.141 with binary path C:\Program Files\Google\Chrome\Application\chrome.exe
Build info: version: &amp;apos;3.141.59&amp;apos;, revision: &amp;apos;e82be7d358&amp;apos;, time: &amp;apos;2018-11-14T08:17:03&amp;apos;
System info: host: &amp;apos;ARUNKAMATH&amp;apos;, ip: &amp;apos;192.168.0.104&amp;apos;, os.name: &amp;apos;Windows 11&amp;apos;, os.arch: &amp;apos;amd64&amp;apos;, os.version: &amp;apos;10.0&amp;apos;, java.version: &amp;apos;17.0.8&amp;apos;
Driver info: driver.version: ChromeDriver
remote stacktrace: Backtrace:
	(No symbol) [0x010BF243]
	(No symbol) [0x01047FD1]
	(No symbol) [0x00F3D04D]
	(No symbol) [0x00F5F6B4]
	(No symbol) [0x00F5A97C]
	(No symbol) [0x00F582E9]
	(No symbol) [0x00F8F056]
	(No symbol) [0x00F8EB2A]
	(No symbol) [0x00F88386]
	(No symbol) [0x00F6163C]
	(No symbol) [0x00F6269D]
	GetHandleVerifier [0x01359A22+2655074]
	GetHandleVerifier [0x0134CA24+2601828]
	GetHandleVerifier [0x01168C0A+619850]
	GetHandleVerifier [0x01167830+614768]
	(No symbol) [0x010505FC]
	(No symbol) [0x01055968]
	(No symbol) [0x01055A55]
	(No symbol) [0x0106051B]
	BaseThreadInitThunk [0x752B7D59+25]
	RtlInitializeExceptionChain [0x7757B79B+107]
	RtlClearBits [0x7757B71F+191]
">
      <![CDATA[org.openqa.selenium.SessionNotCreatedException: session not created: This version of ChromeDriver only supports Chrome version 108
Current browser version is 116.0.5845.141 with binary path C:\Program Files\Google\Chrome\Application\chrome.exe
Build info: version: '3.141.59', revision: 'e82be7d358', time: '2018-11-14T08:17:03'
System info: host: 'ARUNKAMATH', ip: '192.168.0.104', os.name: 'Windows 11', os.arch: 'amd64', os.version: '10.0', java.version: '17.0.8'
Driver info: driver.version: ChromeDriver
remote stacktrace: Backtrace:
(No symbol) [0x010BF243]
(No symbol) [0x01047FD1]
(No symbol) [0x00F3D04D]
(No symbol) [0x00F5F6B4]
(No symbol) [0x00F5A97C]
(No symbol) [0x00F582E9]
(No symbol) [0x00F8F056]
(No symbol) [0x00F8EB2A]
(No symbol) [0x00F88386]
(No symbol) [0x00F6163C]
(No symbol) [0x00F6269D]
GetHandleVerifier [0x01359A22+2655074]
GetHandleVerifier [0x0134CA24+2601828]
GetHandleVerifier [0x01168C0A+619850]
GetHandleVerifier [0x01167830+614768]
(No symbol) [0x010505FC]
(No symbol) [0x01055968]
(No symbol) [0x01055A55]
(No symbol) [0x0106051B]
BaseThreadInitThunk [0x752B7D59+25]
RtlInitializeExceptionChain [0x7757B79B+107]
RtlClearBits [0x7757B71F+191]

at java.base/jdk.internal.reflect.NativeConstructorAccessorImpl.newInstance0(Native Method)
at java.base/jdk.internal.reflect.NativeConstructorAccessorImpl.newInstance(NativeConstructorAccessorImpl.java:77)
at java.base/jdk.internal.reflect.DelegatingConstructorAccessorImpl.newInstance(DelegatingConstructorAccessorImpl.java:45)
at java.base/java.lang.reflect.Constructor.newInstanceWithCaller(Constructor.java:499)
at java.base/java.lang.reflect.Constructor.newInstance(Constructor.java:480)
at org.openqa.selenium.remote.W3CHandshakeResponse.lambda$errorHandler$0(W3CHandshakeResponse.java:62)
at org.openqa.selenium.remote.HandshakeResponse.lambda$getResponseFunction$0(HandshakeResponse.java:30)
at org.openqa.selenium.remote.ProtocolHandshake.lambda$createSession$0(ProtocolHandshake.java:126)
at java.base/java.util.stream.ReferencePipeline$3$1.accept(ReferencePipeline.java:197)
at java.base/java.util.Spliterators$ArraySpliterator.tryAdvance(Spliterators.java:1002)
at java.base/java.util.stream.ReferencePipeline.forEachWithCancel(ReferencePipeline.java:129)
at java.base/java.util.stream.AbstractPipeline.copyIntoWithCancel(AbstractPipeline.java:527)
at java.base/java.util.stream.AbstractPipeline.copyInto(AbstractPipeline.java:513)
at java.base/java.util.stream.AbstractPipeline.wrapAndCopyInto(AbstractPipeline.java:499)
at java.base/java.util.stream.FindOps$FindOp.evaluateSequential(FindOps.java:150)
at java.base/java.util.stream.AbstractPipeline.evaluate(AbstractPipeline.java:234)
at java.base/java.util.stream.ReferencePipeline.findFirst(ReferencePipeline.java:647)
at org.openqa.selenium.remote.ProtocolHandshake.createSession(ProtocolHandshake.java:128)
at org.openqa.selenium.remote.ProtocolHandshake.createSession(ProtocolHandshake.java:74)
at org.openqa.selenium.remote.HttpCommandExecutor.execute(HttpCommandExecutor.java:136)
at org.openqa.selenium.remote.service.DriverCommandExecutor.execute(DriverCommandExecutor.java:83)
at org.openqa.selenium.remote.RemoteWebDriver.execute(RemoteWebDriver.java:552)
at org.openqa.selenium.remote.RemoteWebDriver.startSession(RemoteWebDriver.java:213)
at org.openqa.selenium.remote.RemoteWebDriver.<init>(RemoteWebDriver.java:131)
at org.openqa.selenium.chrome.ChromeDriver.<init>(ChromeDriver.java:181)
at org.openqa.selenium.chrome.ChromeDriver.<init>(ChromeDriver.java:168)
at org.openqa.selenium.chrome.ChromeDriver.<init>(ChromeDriver.java:123)
at opendrtest.opendr_appt_listing.setup(opendr_appt_listing.java:31)
at java.base/jdk.internal.reflect.NativeMethodAccessorImpl.invoke0(Native Method)
at java.base/jdk.internal.reflect.NativeMethodAccessorImpl.invoke(NativeMethodAccessorImpl.java:77)
at java.base/jdk.internal.reflect.DelegatingMethodAccessorImpl.invoke(DelegatingMethodAccessorImpl.java:43)
at java.base/java.lang.reflect.Method.invoke(Method.java:568)
at org.testng.internal.MethodInvocationHelper.invokeMethod(MethodInvocationHelper.java:132)
at org.testng.internal.MethodInvocationHelper.invokeMethodConsideringTimeout(MethodInvocationHelper.java:61)
at org.testng.internal.ConfigInvoker.invokeConfigurationMethod(ConfigInvoker.java:366)
at org.testng.internal.ConfigInvoker.invokeConfigurations(ConfigInvoker.java:320)
at org.testng.TestRunner.invokeTestConfigurations(TestRunner.java:617)
at org.testng.TestRunner.beforeRun(TestRunner.java:607)
at org.testng.TestRunner.run(TestRunner.java:578)
at org.testng.SuiteRunner.runTest(SuiteRunner.java:384)
at org.testng.SuiteRunner.runSequentially(SuiteRunner.java:378)
at org.testng.SuiteRunner.privateRun(SuiteRunner.java:337)
at org.testng.SuiteRunner.run(SuiteRunner.java:286)
at org.testng.SuiteRunnerWorker.runSuite(SuiteRunnerWorker.java:53)
at org.testng.SuiteRunnerWorker.run(SuiteRunnerWorker.java:96)
at org.testng.TestNG.runSuitesSequentially(TestNG.java:1218)
at org.testng.TestNG.runSuitesLocally(TestNG.java:1140)
at org.testng.TestNG.runSuites(TestNG.java:1069)
at org.testng.TestNG.run(TestNG.java:1037)
at org.testng.remote.AbstractRemoteTestNG.run(AbstractRemoteTestNG.java:115)
at org.testng.remote.RemoteTestNG.initAndRun(RemoteTestNG.java:251)
at org.testng.remote.RemoteTestNG.main(RemoteTestNG.java:77)
]]>
    </failure>
  </testcase> <!-- @BeforeTest setup -->
  <testcase classname="opendrtest.opendr_appt_listing" name="@BeforeMethod appoinment_module" time="-1.693588330353E9">
    <skipped/>
  </testcase> <!-- @BeforeMethod appoinment_module -->
  <testcase classname="opendrtest.opendr_appt_listing" name="@BeforeMethod appoinment_module" time="-1.693588330365E9">
    <skipped/>
  </testcase> <!-- @BeforeMethod appoinment_module -->
  <testcase classname="opendrtest.opendr_appt_listing" name="@BeforeMethod appoinment_module" time="-1.693588330371E9">
    <skipped/>
  </testcase> <!-- @BeforeMethod appoinment_module -->
  <testcase classname="opendrtest.opendr_appt_listing" name="@BeforeMethod appoinment_module" time="-1.693588330377E9">
    <skipped/>
  </testcase> <!-- @BeforeMethod appoinment_module -->
  <testcase classname="opendrtest.opendr_appt_listing" name="@BeforeMethod appoinment_module" time="-1.693588330384E9">
    <skipped/>
  </testcase> <!-- @BeforeMethod appoinment_module -->
  <testcase classname="opendrtest.opendr_appt_listing" name="@AfterTest tearDown1" time="-1.69358833039E9">
    <skipped/>
  </testcase> <!-- @AfterTest tearDown1 -->
  <testcase classname="opendrtest.opendr_appt_listing" name="apppointment" time="0.0">
    <skipped/>
  </testcase> <!-- apppointment -->
  <testcase classname="opendrtest.opendr_appt_listing" name="apptSort" time="0.0">
    <skipped/>
  </testcase> <!-- apptSort -->
  <testcase classname="opendrtest.opendr_appt_listing" name="pagination" time="0.0">
    <skipped/>
  </testcase> <!-- pagination -->
  <testcase classname="opendrtest.opendr_appt_listing" name="patientProfileScreen" time="0.0">
    <skipped/>
  </testcase> <!-- patientProfileScreen -->
  <testcase classname="opendrtest.opendr_appt_listing" name="date_filter" time="0.0">
    <skipped/>
  </testcase> <!-- date_filter -->
</testsuite> <!-- Default test -->
