<?xml version="1.0" encoding="UTF-8"?>
<testng-results ignored="0" total="5" passed="0" failed="0" skipped="5">
  <reporter-output>
  </reporter-output>
  <suite started-at="2023-09-01T22:42:07 IST" name="Default suite" finished-at="2023-09-01T22:42:10 IST" duration-ms="2536">
    <groups>
    </groups>
    <test started-at="2023-09-01T22:42:07 IST" name="Default test" finished-at="2023-09-01T22:42:10 IST" duration-ms="2536">
      <class name="opendrtest.opendr_appt_listing">
        <test-method is-config="true" signature="setup()[pri:0, instance:opendrtest.opendr_appt_listing@2df3b89c]" started-at="2023-09-01T22:42:07 IST" name="setup" finished-at="2023-09-01T22:42:09 IST" duration-ms="1621" status="FAIL">
          <exception class="org.openqa.selenium.SessionNotCreatedException">
            <message>
              <![CDATA[session not created: This version of ChromeDriver only supports Chrome version 108
Current browser version is 116.0.5845.141 with binary path C:\Program Files\Google\Chrome\Application\chrome.exe
Build info: version: '3.141.59', revision: 'e82be7d358', time: '2018-11-14T08:17:03'
System info: host: 'ARUNKAMATH', ip: '192.168.0.104', os.name: 'Windows 11', os.arch: 'amd64', os.version: '10.0', java.version: '17.0.8'
Driver info: driver.version: ChromeDriver
remote stacktrace: Backtrace:
(No symbol) [0x010BF243]
(No symbol) [0x01047FD1]
(No symbol) [0x00F3D04D]
(No symbol) [0x00F5F6B4]
(No symbol) [0x00F5A97C]
(No symbol) [0x00F582E9]
(No symbol) [0x00F8F056]
(No symbol) [0x00F8EB2A]
(No symbol) [0x00F88386]
(No symbol) [0x00F6163C]
(No symbol) [0x00F6269D]
GetHandleVerifier [0x01359A22+2655074]
GetHandleVerifier [0x0134CA24+2601828]
GetHandleVerifier [0x01168C0A+619850]
GetHandleVerifier [0x01167830+614768]
(No symbol) [0x010505FC]
(No symbol) [0x01055968]
(No symbol) [0x01055A55]
(No symbol) [0x0106051B]
BaseThreadInitThunk [0x752B7D59+25]
RtlInitializeExceptionChain [0x7757B79B+107]
RtlClearBits [0x7757B71F+191]
]]>
            </message>
            <full-stacktrace>
              <![CDATA[org.openqa.selenium.SessionNotCreatedException: session not created: This version of ChromeDriver only supports Chrome version 108
Current browser version is 116.0.5845.141 with binary path C:\Program Files\Google\Chrome\Application\chrome.exe
Build info: version: '3.141.59', revision: 'e82be7d358', time: '2018-11-14T08:17:03'
System info: host: 'ARUNKAMATH', ip: '192.168.0.104', os.name: 'Windows 11', os.arch: 'amd64', os.version: '10.0', java.version: '17.0.8'
Driver info: driver.version: ChromeDriver
remote stacktrace: Backtrace:
(No symbol) [0x010BF243]
(No symbol) [0x01047FD1]
(No symbol) [0x00F3D04D]
(No symbol) [0x00F5F6B4]
(No symbol) [0x00F5A97C]
(No symbol) [0x00F582E9]
(No symbol) [0x00F8F056]
(No symbol) [0x00F8EB2A]
(No symbol) [0x00F88386]
(No symbol) [0x00F6163C]
(No symbol) [0x00F6269D]
GetHandleVerifier [0x01359A22+2655074]
GetHandleVerifier [0x0134CA24+2601828]
GetHandleVerifier [0x01168C0A+619850]
GetHandleVerifier [0x01167830+614768]
(No symbol) [0x010505FC]
(No symbol) [0x01055968]
(No symbol) [0x01055A55]
(No symbol) [0x0106051B]
BaseThreadInitThunk [0x752B7D59+25]
RtlInitializeExceptionChain [0x7757B79B+107]
RtlClearBits [0x7757B71F+191]

at java.base/jdk.internal.reflect.NativeConstructorAccessorImpl.newInstance0(Native Method)
at java.base/jdk.internal.reflect.NativeConstructorAccessorImpl.newInstance(NativeConstructorAccessorImpl.java:77)
at java.base/jdk.internal.reflect.DelegatingConstructorAccessorImpl.newInstance(DelegatingConstructorAccessorImpl.java:45)
at java.base/java.lang.reflect.Constructor.newInstanceWithCaller(Constructor.java:499)
at java.base/java.lang.reflect.Constructor.newInstance(Constructor.java:480)
at org.openqa.selenium.remote.W3CHandshakeResponse.lambda$errorHandler$0(W3CHandshakeResponse.java:62)
at org.openqa.selenium.remote.HandshakeResponse.lambda$getResponseFunction$0(HandshakeResponse.java:30)
at org.openqa.selenium.remote.ProtocolHandshake.lambda$createSession$0(ProtocolHandshake.java:126)
at java.base/java.util.stream.ReferencePipeline$3$1.accept(ReferencePipeline.java:197)
at java.base/java.util.Spliterators$ArraySpliterator.tryAdvance(Spliterators.java:1002)
at java.base/java.util.stream.ReferencePipeline.forEachWithCancel(ReferencePipeline.java:129)
at java.base/java.util.stream.AbstractPipeline.copyIntoWithCancel(AbstractPipeline.java:527)
at java.base/java.util.stream.AbstractPipeline.copyInto(AbstractPipeline.java:513)
at java.base/java.util.stream.AbstractPipeline.wrapAndCopyInto(AbstractPipeline.java:499)
at java.base/java.util.stream.FindOps$FindOp.evaluateSequential(FindOps.java:150)
at java.base/java.util.stream.AbstractPipeline.evaluate(AbstractPipeline.java:234)
at java.base/java.util.stream.ReferencePipeline.findFirst(ReferencePipeline.java:647)
at org.openqa.selenium.remote.ProtocolHandshake.createSession(ProtocolHandshake.java:128)
at org.openqa.selenium.remote.ProtocolHandshake.createSession(ProtocolHandshake.java:74)
at org.openqa.selenium.remote.HttpCommandExecutor.execute(HttpCommandExecutor.java:136)
at org.openqa.selenium.remote.service.DriverCommandExecutor.execute(DriverCommandExecutor.java:83)
at org.openqa.selenium.remote.RemoteWebDriver.execute(RemoteWebDriver.java:552)
at org.openqa.selenium.remote.RemoteWebDriver.startSession(RemoteWebDriver.java:213)
at org.openqa.selenium.remote.RemoteWebDriver.<init>(RemoteWebDriver.java:131)
at org.openqa.selenium.chrome.ChromeDriver.<init>(ChromeDriver.java:181)
at org.openqa.selenium.chrome.ChromeDriver.<init>(ChromeDriver.java:168)
at org.openqa.selenium.chrome.ChromeDriver.<init>(ChromeDriver.java:123)
at opendrtest.opendr_appt_listing.setup(opendr_appt_listing.java:31)
at java.base/jdk.internal.reflect.NativeMethodAccessorImpl.invoke0(Native Method)
at java.base/jdk.internal.reflect.NativeMethodAccessorImpl.invoke(NativeMethodAccessorImpl.java:77)
at java.base/jdk.internal.reflect.DelegatingMethodAccessorImpl.invoke(DelegatingMethodAccessorImpl.java:43)
at java.base/java.lang.reflect.Method.invoke(Method.java:568)
at org.testng.internal.MethodInvocationHelper.invokeMethod(MethodInvocationHelper.java:132)
at org.testng.internal.MethodInvocationHelper.invokeMethodConsideringTimeout(MethodInvocationHelper.java:61)
at org.testng.internal.ConfigInvoker.invokeConfigurationMethod(ConfigInvoker.java:366)
at org.testng.internal.ConfigInvoker.invokeConfigurations(ConfigInvoker.java:320)
at org.testng.TestRunner.invokeTestConfigurations(TestRunner.java:617)
at org.testng.TestRunner.beforeRun(TestRunner.java:607)
at org.testng.TestRunner.run(TestRunner.java:578)
at org.testng.SuiteRunner.runTest(SuiteRunner.java:384)
at org.testng.SuiteRunner.runSequentially(SuiteRunner.java:378)
at org.testng.SuiteRunner.privateRun(SuiteRunner.java:337)
at org.testng.SuiteRunner.run(SuiteRunner.java:286)
at org.testng.SuiteRunnerWorker.runSuite(SuiteRunnerWorker.java:53)
at org.testng.SuiteRunnerWorker.run(SuiteRunnerWorker.java:96)
at org.testng.TestNG.runSuitesSequentially(TestNG.java:1218)
at org.testng.TestNG.runSuitesLocally(TestNG.java:1140)
at org.testng.TestNG.runSuites(TestNG.java:1069)
at org.testng.TestNG.run(TestNG.java:1037)
at org.testng.remote.AbstractRemoteTestNG.run(AbstractRemoteTestNG.java:115)
at org.testng.remote.RemoteTestNG.initAndRun(RemoteTestNG.java:251)
at org.testng.remote.RemoteTestNG.main(RemoteTestNG.java:77)
]]>
            </full-stacktrace>
          </exception> <!-- org.openqa.selenium.SessionNotCreatedException -->
          <reporter-output>
          </reporter-output>
        </test-method> <!-- setup -->
        <test-method is-config="true" signature="appoinment_module()[pri:0, instance:opendrtest.opendr_appt_listing@2df3b89c]" started-at="2023-09-01T22:42:10 IST" name="appoinment_module" finished-at="1970-01-01T05:30:00 IST" duration-ms="-1693588330353" status="SKIP">
          <reporter-output>
          </reporter-output>
        </test-method> <!-- appoinment_module -->
        <test-method signature="apppointment(java.lang.String, java.lang.String, java.lang.String, java.lang.String, java.lang.String, java.lang.String, java.lang.String, java.lang.String, java.lang.String, java.lang.String, java.lang.String, java.lang.String, java.lang.String)[pri:1, instance:opendrtest.opendr_appt_listing@2df3b89c]" started-at="2023-09-01T22:42:10 IST" name="apppointment" data-provider="gettestData1" finished-at="2023-09-01T22:42:10 IST" duration-ms="0" status="SKIP">
          <params>
            <param index="0">
              <value>
                <![CDATA[Appointment Date]]>
              </value>
            </param>
            <param index="1">
              <value>
                <![CDATA[Mammogram]]>
              </value>
            </param>
            <param index="2">
              <value>
                <![CDATA[X-Ray]]>
              </value>
            </param>
            <param index="3">
              <value>
                <![CDATA[US]]>
              </value>
            </param>
            <param index="4">
              <value>
                <![CDATA[Scheduled]]>
              </value>
            </param>
            <param index="5">
              <value>
                <![CDATA[Cancelled]]>
              </value>
            </param>
            <param index="6">
              <value>
                <![CDATA[Rescheduled]]>
              </value>
            </param>
            <param index="7">
              <value>
                <![CDATA[All]]>
              </value>
            </param>
            <param index="8">
              <value>
                <![CDATA[INDEPENDENCE]]>
              </value>
            </param>
            <param index="9">
              <value>
                <![CDATA[OLATHE]]>
              </value>
            </param>
            <param index="10">
              <value>
                <![CDATA[LIBERTY]]>
              </value>
            </param>
            <param index="11">
              <value>
                <![CDATA[All]]>
              </value>
            </param>
            <param index="12">
              <value>
                <![CDATA[All]]>
              </value>
            </param>
          </params>
          <exception class="org.openqa.selenium.SessionNotCreatedException">
            <message>
              <![CDATA[session not created: This version of ChromeDriver only supports Chrome version 108
Current browser version is 116.0.5845.141 with binary path C:\Program Files\Google\Chrome\Application\chrome.exe
Build info: version: '3.141.59', revision: 'e82be7d358', time: '2018-11-14T08:17:03'
System info: host: 'ARUNKAMATH', ip: '192.168.0.104', os.name: 'Windows 11', os.arch: 'amd64', os.version: '10.0', java.version: '17.0.8'
Driver info: driver.version: ChromeDriver
remote stacktrace: Backtrace:
(No symbol) [0x010BF243]
(No symbol) [0x01047FD1]
(No symbol) [0x00F3D04D]
(No symbol) [0x00F5F6B4]
(No symbol) [0x00F5A97C]
(No symbol) [0x00F582E9]
(No symbol) [0x00F8F056]
(No symbol) [0x00F8EB2A]
(No symbol) [0x00F88386]
(No symbol) [0x00F6163C]
(No symbol) [0x00F6269D]
GetHandleVerifier [0x01359A22+2655074]
GetHandleVerifier [0x0134CA24+2601828]
GetHandleVerifier [0x01168C0A+619850]
GetHandleVerifier [0x01167830+614768]
(No symbol) [0x010505FC]
(No symbol) [0x01055968]
(No symbol) [0x01055A55]
(No symbol) [0x0106051B]
BaseThreadInitThunk [0x752B7D59+25]
RtlInitializeExceptionChain [0x7757B79B+107]
RtlClearBits [0x7757B71F+191]
]]>
            </message>
            <full-stacktrace>
              <![CDATA[org.openqa.selenium.SessionNotCreatedException: session not created: This version of ChromeDriver only supports Chrome version 108
Current browser version is 116.0.5845.141 with binary path C:\Program Files\Google\Chrome\Application\chrome.exe
Build info: version: '3.141.59', revision: 'e82be7d358', time: '2018-11-14T08:17:03'
System info: host: 'ARUNKAMATH', ip: '192.168.0.104', os.name: 'Windows 11', os.arch: 'amd64', os.version: '10.0', java.version: '17.0.8'
Driver info: driver.version: ChromeDriver
remote stacktrace: Backtrace:
(No symbol) [0x010BF243]
(No symbol) [0x01047FD1]
(No symbol) [0x00F3D04D]
(No symbol) [0x00F5F6B4]
(No symbol) [0x00F5A97C]
(No symbol) [0x00F582E9]
(No symbol) [0x00F8F056]
(No symbol) [0x00F8EB2A]
(No symbol) [0x00F88386]
(No symbol) [0x00F6163C]
(No symbol) [0x00F6269D]
GetHandleVerifier [0x01359A22+2655074]
GetHandleVerifier [0x0134CA24+2601828]
GetHandleVerifier [0x01168C0A+619850]
GetHandleVerifier [0x01167830+614768]
(No symbol) [0x010505FC]
(No symbol) [0x01055968]
(No symbol) [0x01055A55]
(No symbol) [0x0106051B]
BaseThreadInitThunk [0x752B7D59+25]
RtlInitializeExceptionChain [0x7757B79B+107]
RtlClearBits [0x7757B71F+191]

at java.base/jdk.internal.reflect.NativeConstructorAccessorImpl.newInstance0(Native Method)
at java.base/jdk.internal.reflect.NativeConstructorAccessorImpl.newInstance(NativeConstructorAccessorImpl.java:77)
at java.base/jdk.internal.reflect.DelegatingConstructorAccessorImpl.newInstance(DelegatingConstructorAccessorImpl.java:45)
at java.base/java.lang.reflect.Constructor.newInstanceWithCaller(Constructor.java:499)
at java.base/java.lang.reflect.Constructor.newInstance(Constructor.java:480)
at org.openqa.selenium.remote.W3CHandshakeResponse.lambda$errorHandler$0(W3CHandshakeResponse.java:62)
at org.openqa.selenium.remote.HandshakeResponse.lambda$getResponseFunction$0(HandshakeResponse.java:30)
at org.openqa.selenium.remote.ProtocolHandshake.lambda$createSession$0(ProtocolHandshake.java:126)
at java.base/java.util.stream.ReferencePipeline$3$1.accept(ReferencePipeline.java:197)
at java.base/java.util.Spliterators$ArraySpliterator.tryAdvance(Spliterators.java:1002)
at java.base/java.util.stream.ReferencePipeline.forEachWithCancel(ReferencePipeline.java:129)
at java.base/java.util.stream.AbstractPipeline.copyIntoWithCancel(AbstractPipeline.java:527)
at java.base/java.util.stream.AbstractPipeline.copyInto(AbstractPipeline.java:513)
at java.base/java.util.stream.AbstractPipeline.wrapAndCopyInto(AbstractPipeline.java:499)
at java.base/java.util.stream.FindOps$FindOp.evaluateSequential(FindOps.java:150)
at java.base/java.util.stream.AbstractPipeline.evaluate(AbstractPipeline.java:234)
at java.base/java.util.stream.ReferencePipeline.findFirst(ReferencePipeline.java:647)
at org.openqa.selenium.remote.ProtocolHandshake.createSession(ProtocolHandshake.java:128)
at org.openqa.selenium.remote.ProtocolHandshake.createSession(ProtocolHandshake.java:74)
at org.openqa.selenium.remote.HttpCommandExecutor.execute(HttpCommandExecutor.java:136)
at org.openqa.selenium.remote.service.DriverCommandExecutor.execute(DriverCommandExecutor.java:83)
at org.openqa.selenium.remote.RemoteWebDriver.execute(RemoteWebDriver.java:552)
at org.openqa.selenium.remote.RemoteWebDriver.startSession(RemoteWebDriver.java:213)
at org.openqa.selenium.remote.RemoteWebDriver.<init>(RemoteWebDriver.java:131)
at org.openqa.selenium.chrome.ChromeDriver.<init>(ChromeDriver.java:181)
at org.openqa.selenium.chrome.ChromeDriver.<init>(ChromeDriver.java:168)
at org.openqa.selenium.chrome.ChromeDriver.<init>(ChromeDriver.java:123)
at opendrtest.opendr_appt_listing.setup(opendr_appt_listing.java:31)
at java.base/jdk.internal.reflect.NativeMethodAccessorImpl.invoke0(Native Method)
at java.base/jdk.internal.reflect.NativeMethodAccessorImpl.invoke(NativeMethodAccessorImpl.java:77)
at java.base/jdk.internal.reflect.DelegatingMethodAccessorImpl.invoke(DelegatingMethodAccessorImpl.java:43)
at java.base/java.lang.reflect.Method.invoke(Method.java:568)
at org.testng.internal.MethodInvocationHelper.invokeMethod(MethodInvocationHelper.java:132)
at org.testng.internal.MethodInvocationHelper.invokeMethodConsideringTimeout(MethodInvocationHelper.java:61)
at org.testng.internal.ConfigInvoker.invokeConfigurationMethod(ConfigInvoker.java:366)
at org.testng.internal.ConfigInvoker.invokeConfigurations(ConfigInvoker.java:320)
at org.testng.TestRunner.invokeTestConfigurations(TestRunner.java:617)
at org.testng.TestRunner.beforeRun(TestRunner.java:607)
at org.testng.TestRunner.run(TestRunner.java:578)
at org.testng.SuiteRunner.runTest(SuiteRunner.java:384)
at org.testng.SuiteRunner.runSequentially(SuiteRunner.java:378)
at org.testng.SuiteRunner.privateRun(SuiteRunner.java:337)
at org.testng.SuiteRunner.run(SuiteRunner.java:286)
at org.testng.SuiteRunnerWorker.runSuite(SuiteRunnerWorker.java:53)
at org.testng.SuiteRunnerWorker.run(SuiteRunnerWorker.java:96)
at org.testng.TestNG.runSuitesSequentially(TestNG.java:1218)
at org.testng.TestNG.runSuitesLocally(TestNG.java:1140)
at org.testng.TestNG.runSuites(TestNG.java:1069)
at org.testng.TestNG.run(TestNG.java:1037)
at org.testng.remote.AbstractRemoteTestNG.run(AbstractRemoteTestNG.java:115)
at org.testng.remote.RemoteTestNG.initAndRun(RemoteTestNG.java:251)
at org.testng.remote.RemoteTestNG.main(RemoteTestNG.java:77)
]]>
            </full-stacktrace>
          </exception> <!-- org.openqa.selenium.SessionNotCreatedException -->
          <reporter-output>
          </reporter-output>
        </test-method> <!-- apppointment -->
        <test-method is-config="true" signature="appoinment_module()[pri:0, instance:opendrtest.opendr_appt_listing@2df3b89c]" started-at="2023-09-01T22:42:10 IST" name="appoinment_module" finished-at="1970-01-01T05:30:00 IST" duration-ms="-1693588330365" status="SKIP">
          <reporter-output>
          </reporter-output>
        </test-method> <!-- appoinment_module -->
        <test-method signature="apptSort()[pri:2, instance:opendrtest.opendr_appt_listing@2df3b89c]" started-at="2023-09-01T22:42:10 IST" name="apptSort" finished-at="2023-09-01T22:42:10 IST" duration-ms="0" status="SKIP">
          <exception class="org.openqa.selenium.SessionNotCreatedException">
            <message>
              <![CDATA[session not created: This version of ChromeDriver only supports Chrome version 108
Current browser version is 116.0.5845.141 with binary path C:\Program Files\Google\Chrome\Application\chrome.exe
Build info: version: '3.141.59', revision: 'e82be7d358', time: '2018-11-14T08:17:03'
System info: host: 'ARUNKAMATH', ip: '192.168.0.104', os.name: 'Windows 11', os.arch: 'amd64', os.version: '10.0', java.version: '17.0.8'
Driver info: driver.version: ChromeDriver
remote stacktrace: Backtrace:
(No symbol) [0x010BF243]
(No symbol) [0x01047FD1]
(No symbol) [0x00F3D04D]
(No symbol) [0x00F5F6B4]
(No symbol) [0x00F5A97C]
(No symbol) [0x00F582E9]
(No symbol) [0x00F8F056]
(No symbol) [0x00F8EB2A]
(No symbol) [0x00F88386]
(No symbol) [0x00F6163C]
(No symbol) [0x00F6269D]
GetHandleVerifier [0x01359A22+2655074]
GetHandleVerifier [0x0134CA24+2601828]
GetHandleVerifier [0x01168C0A+619850]
GetHandleVerifier [0x01167830+614768]
(No symbol) [0x010505FC]
(No symbol) [0x01055968]
(No symbol) [0x01055A55]
(No symbol) [0x0106051B]
BaseThreadInitThunk [0x752B7D59+25]
RtlInitializeExceptionChain [0x7757B79B+107]
RtlClearBits [0x7757B71F+191]
]]>
            </message>
            <full-stacktrace>
              <![CDATA[org.openqa.selenium.SessionNotCreatedException: session not created: This version of ChromeDriver only supports Chrome version 108
Current browser version is 116.0.5845.141 with binary path C:\Program Files\Google\Chrome\Application\chrome.exe
Build info: version: '3.141.59', revision: 'e82be7d358', time: '2018-11-14T08:17:03'
System info: host: 'ARUNKAMATH', ip: '192.168.0.104', os.name: 'Windows 11', os.arch: 'amd64', os.version: '10.0', java.version: '17.0.8'
Driver info: driver.version: ChromeDriver
remote stacktrace: Backtrace:
(No symbol) [0x010BF243]
(No symbol) [0x01047FD1]
(No symbol) [0x00F3D04D]
(No symbol) [0x00F5F6B4]
(No symbol) [0x00F5A97C]
(No symbol) [0x00F582E9]
(No symbol) [0x00F8F056]
(No symbol) [0x00F8EB2A]
(No symbol) [0x00F88386]
(No symbol) [0x00F6163C]
(No symbol) [0x00F6269D]
GetHandleVerifier [0x01359A22+2655074]
GetHandleVerifier [0x0134CA24+2601828]
GetHandleVerifier [0x01168C0A+619850]
GetHandleVerifier [0x01167830+614768]
(No symbol) [0x010505FC]
(No symbol) [0x01055968]
(No symbol) [0x01055A55]
(No symbol) [0x0106051B]
BaseThreadInitThunk [0x752B7D59+25]
RtlInitializeExceptionChain [0x7757B79B+107]
RtlClearBits [0x7757B71F+191]

at java.base/jdk.internal.reflect.NativeConstructorAccessorImpl.newInstance0(Native Method)
at java.base/jdk.internal.reflect.NativeConstructorAccessorImpl.newInstance(NativeConstructorAccessorImpl.java:77)
at java.base/jdk.internal.reflect.DelegatingConstructorAccessorImpl.newInstance(DelegatingConstructorAccessorImpl.java:45)
at java.base/java.lang.reflect.Constructor.newInstanceWithCaller(Constructor.java:499)
at java.base/java.lang.reflect.Constructor.newInstance(Constructor.java:480)
at org.openqa.selenium.remote.W3CHandshakeResponse.lambda$errorHandler$0(W3CHandshakeResponse.java:62)
at org.openqa.selenium.remote.HandshakeResponse.lambda$getResponseFunction$0(HandshakeResponse.java:30)
at org.openqa.selenium.remote.ProtocolHandshake.lambda$createSession$0(ProtocolHandshake.java:126)
at java.base/java.util.stream.ReferencePipeline$3$1.accept(ReferencePipeline.java:197)
at java.base/java.util.Spliterators$ArraySpliterator.tryAdvance(Spliterators.java:1002)
at java.base/java.util.stream.ReferencePipeline.forEachWithCancel(ReferencePipeline.java:129)
at java.base/java.util.stream.AbstractPipeline.copyIntoWithCancel(AbstractPipeline.java:527)
at java.base/java.util.stream.AbstractPipeline.copyInto(AbstractPipeline.java:513)
at java.base/java.util.stream.AbstractPipeline.wrapAndCopyInto(AbstractPipeline.java:499)
at java.base/java.util.stream.FindOps$FindOp.evaluateSequential(FindOps.java:150)
at java.base/java.util.stream.AbstractPipeline.evaluate(AbstractPipeline.java:234)
at java.base/java.util.stream.ReferencePipeline.findFirst(ReferencePipeline.java:647)
at org.openqa.selenium.remote.ProtocolHandshake.createSession(ProtocolHandshake.java:128)
at org.openqa.selenium.remote.ProtocolHandshake.createSession(ProtocolHandshake.java:74)
at org.openqa.selenium.remote.HttpCommandExecutor.execute(HttpCommandExecutor.java:136)
at org.openqa.selenium.remote.service.DriverCommandExecutor.execute(DriverCommandExecutor.java:83)
at org.openqa.selenium.remote.RemoteWebDriver.execute(RemoteWebDriver.java:552)
at org.openqa.selenium.remote.RemoteWebDriver.startSession(RemoteWebDriver.java:213)
at org.openqa.selenium.remote.RemoteWebDriver.<init>(RemoteWebDriver.java:131)
at org.openqa.selenium.chrome.ChromeDriver.<init>(ChromeDriver.java:181)
at org.openqa.selenium.chrome.ChromeDriver.<init>(ChromeDriver.java:168)
at org.openqa.selenium.chrome.ChromeDriver.<init>(ChromeDriver.java:123)
at opendrtest.opendr_appt_listing.setup(opendr_appt_listing.java:31)
at java.base/jdk.internal.reflect.NativeMethodAccessorImpl.invoke0(Native Method)
at java.base/jdk.internal.reflect.NativeMethodAccessorImpl.invoke(NativeMethodAccessorImpl.java:77)
at java.base/jdk.internal.reflect.DelegatingMethodAccessorImpl.invoke(DelegatingMethodAccessorImpl.java:43)
at java.base/java.lang.reflect.Method.invoke(Method.java:568)
at org.testng.internal.MethodInvocationHelper.invokeMethod(MethodInvocationHelper.java:132)
at org.testng.internal.MethodInvocationHelper.invokeMethodConsideringTimeout(MethodInvocationHelper.java:61)
at org.testng.internal.ConfigInvoker.invokeConfigurationMethod(ConfigInvoker.java:366)
at org.testng.internal.ConfigInvoker.invokeConfigurations(ConfigInvoker.java:320)
at org.testng.TestRunner.invokeTestConfigurations(TestRunner.java:617)
at org.testng.TestRunner.beforeRun(TestRunner.java:607)
at org.testng.TestRunner.run(TestRunner.java:578)
at org.testng.SuiteRunner.runTest(SuiteRunner.java:384)
at org.testng.SuiteRunner.runSequentially(SuiteRunner.java:378)
at org.testng.SuiteRunner.privateRun(SuiteRunner.java:337)
at org.testng.SuiteRunner.run(SuiteRunner.java:286)
at org.testng.SuiteRunnerWorker.runSuite(SuiteRunnerWorker.java:53)
at org.testng.SuiteRunnerWorker.run(SuiteRunnerWorker.java:96)
at org.testng.TestNG.runSuitesSequentially(TestNG.java:1218)
at org.testng.TestNG.runSuitesLocally(TestNG.java:1140)
at org.testng.TestNG.runSuites(TestNG.java:1069)
at org.testng.TestNG.run(TestNG.java:1037)
at org.testng.remote.AbstractRemoteTestNG.run(AbstractRemoteTestNG.java:115)
at org.testng.remote.RemoteTestNG.initAndRun(RemoteTestNG.java:251)
at org.testng.remote.RemoteTestNG.main(RemoteTestNG.java:77)
]]>
            </full-stacktrace>
          </exception> <!-- org.openqa.selenium.SessionNotCreatedException -->
          <reporter-output>
          </reporter-output>
        </test-method> <!-- apptSort -->
        <test-method is-config="true" signature="appoinment_module()[pri:0, instance:opendrtest.opendr_appt_listing@2df3b89c]" started-at="2023-09-01T22:42:10 IST" name="appoinment_module" finished-at="1970-01-01T05:30:00 IST" duration-ms="-1693588330371" status="SKIP">
          <reporter-output>
          </reporter-output>
        </test-method> <!-- appoinment_module -->
        <test-method signature="pagination()[pri:3, instance:opendrtest.opendr_appt_listing@2df3b89c]" started-at="2023-09-01T22:42:10 IST" name="pagination" finished-at="2023-09-01T22:42:10 IST" duration-ms="0" status="SKIP">
          <exception class="org.openqa.selenium.SessionNotCreatedException">
            <message>
              <![CDATA[session not created: This version of ChromeDriver only supports Chrome version 108
Current browser version is 116.0.5845.141 with binary path C:\Program Files\Google\Chrome\Application\chrome.exe
Build info: version: '3.141.59', revision: 'e82be7d358', time: '2018-11-14T08:17:03'
System info: host: 'ARUNKAMATH', ip: '192.168.0.104', os.name: 'Windows 11', os.arch: 'amd64', os.version: '10.0', java.version: '17.0.8'
Driver info: driver.version: ChromeDriver
remote stacktrace: Backtrace:
(No symbol) [0x010BF243]
(No symbol) [0x01047FD1]
(No symbol) [0x00F3D04D]
(No symbol) [0x00F5F6B4]
(No symbol) [0x00F5A97C]
(No symbol) [0x00F582E9]
(No symbol) [0x00F8F056]
(No symbol) [0x00F8EB2A]
(No symbol) [0x00F88386]
(No symbol) [0x00F6163C]
(No symbol) [0x00F6269D]
GetHandleVerifier [0x01359A22+2655074]
GetHandleVerifier [0x0134CA24+2601828]
GetHandleVerifier [0x01168C0A+619850]
GetHandleVerifier [0x01167830+614768]
(No symbol) [0x010505FC]
(No symbol) [0x01055968]
(No symbol) [0x01055A55]
(No symbol) [0x0106051B]
BaseThreadInitThunk [0x752B7D59+25]
RtlInitializeExceptionChain [0x7757B79B+107]
RtlClearBits [0x7757B71F+191]
]]>
            </message>
            <full-stacktrace>
              <![CDATA[org.openqa.selenium.SessionNotCreatedException: session not created: This version of ChromeDriver only supports Chrome version 108
Current browser version is 116.0.5845.141 with binary path C:\Program Files\Google\Chrome\Application\chrome.exe
Build info: version: '3.141.59', revision: 'e82be7d358', time: '2018-11-14T08:17:03'
System info: host: 'ARUNKAMATH', ip: '192.168.0.104', os.name: 'Windows 11', os.arch: 'amd64', os.version: '10.0', java.version: '17.0.8'
Driver info: driver.version: ChromeDriver
remote stacktrace: Backtrace:
(No symbol) [0x010BF243]
(No symbol) [0x01047FD1]
(No symbol) [0x00F3D04D]
(No symbol) [0x00F5F6B4]
(No symbol) [0x00F5A97C]
(No symbol) [0x00F582E9]
(No symbol) [0x00F8F056]
(No symbol) [0x00F8EB2A]
(No symbol) [0x00F88386]
(No symbol) [0x00F6163C]
(No symbol) [0x00F6269D]
GetHandleVerifier [0x01359A22+2655074]
GetHandleVerifier [0x0134CA24+2601828]
GetHandleVerifier [0x01168C0A+619850]
GetHandleVerifier [0x01167830+614768]
(No symbol) [0x010505FC]
(No symbol) [0x01055968]
(No symbol) [0x01055A55]
(No symbol) [0x0106051B]
BaseThreadInitThunk [0x752B7D59+25]
RtlInitializeExceptionChain [0x7757B79B+107]
RtlClearBits [0x7757B71F+191]

at java.base/jdk.internal.reflect.NativeConstructorAccessorImpl.newInstance0(Native Method)
at java.base/jdk.internal.reflect.NativeConstructorAccessorImpl.newInstance(NativeConstructorAccessorImpl.java:77)
at java.base/jdk.internal.reflect.DelegatingConstructorAccessorImpl.newInstance(DelegatingConstructorAccessorImpl.java:45)
at java.base/java.lang.reflect.Constructor.newInstanceWithCaller(Constructor.java:499)
at java.base/java.lang.reflect.Constructor.newInstance(Constructor.java:480)
at org.openqa.selenium.remote.W3CHandshakeResponse.lambda$errorHandler$0(W3CHandshakeResponse.java:62)
at org.openqa.selenium.remote.HandshakeResponse.lambda$getResponseFunction$0(HandshakeResponse.java:30)
at org.openqa.selenium.remote.ProtocolHandshake.lambda$createSession$0(ProtocolHandshake.java:126)
at java.base/java.util.stream.ReferencePipeline$3$1.accept(ReferencePipeline.java:197)
at java.base/java.util.Spliterators$ArraySpliterator.tryAdvance(Spliterators.java:1002)
at java.base/java.util.stream.ReferencePipeline.forEachWithCancel(ReferencePipeline.java:129)
at java.base/java.util.stream.AbstractPipeline.copyIntoWithCancel(AbstractPipeline.java:527)
at java.base/java.util.stream.AbstractPipeline.copyInto(AbstractPipeline.java:513)
at java.base/java.util.stream.AbstractPipeline.wrapAndCopyInto(AbstractPipeline.java:499)
at java.base/java.util.stream.FindOps$FindOp.evaluateSequential(FindOps.java:150)
at java.base/java.util.stream.AbstractPipeline.evaluate(AbstractPipeline.java:234)
at java.base/java.util.stream.ReferencePipeline.findFirst(ReferencePipeline.java:647)
at org.openqa.selenium.remote.ProtocolHandshake.createSession(ProtocolHandshake.java:128)
at org.openqa.selenium.remote.ProtocolHandshake.createSession(ProtocolHandshake.java:74)
at org.openqa.selenium.remote.HttpCommandExecutor.execute(HttpCommandExecutor.java:136)
at org.openqa.selenium.remote.service.DriverCommandExecutor.execute(DriverCommandExecutor.java:83)
at org.openqa.selenium.remote.RemoteWebDriver.execute(RemoteWebDriver.java:552)
at org.openqa.selenium.remote.RemoteWebDriver.startSession(RemoteWebDriver.java:213)
at org.openqa.selenium.remote.RemoteWebDriver.<init>(RemoteWebDriver.java:131)
at org.openqa.selenium.chrome.ChromeDriver.<init>(ChromeDriver.java:181)
at org.openqa.selenium.chrome.ChromeDriver.<init>(ChromeDriver.java:168)
at org.openqa.selenium.chrome.ChromeDriver.<init>(ChromeDriver.java:123)
at opendrtest.opendr_appt_listing.setup(opendr_appt_listing.java:31)
at java.base/jdk.internal.reflect.NativeMethodAccessorImpl.invoke0(Native Method)
at java.base/jdk.internal.reflect.NativeMethodAccessorImpl.invoke(NativeMethodAccessorImpl.java:77)
at java.base/jdk.internal.reflect.DelegatingMethodAccessorImpl.invoke(DelegatingMethodAccessorImpl.java:43)
at java.base/java.lang.reflect.Method.invoke(Method.java:568)
at org.testng.internal.MethodInvocationHelper.invokeMethod(MethodInvocationHelper.java:132)
at org.testng.internal.MethodInvocationHelper.invokeMethodConsideringTimeout(MethodInvocationHelper.java:61)
at org.testng.internal.ConfigInvoker.invokeConfigurationMethod(ConfigInvoker.java:366)
at org.testng.internal.ConfigInvoker.invokeConfigurations(ConfigInvoker.java:320)
at org.testng.TestRunner.invokeTestConfigurations(TestRunner.java:617)
at org.testng.TestRunner.beforeRun(TestRunner.java:607)
at org.testng.TestRunner.run(TestRunner.java:578)
at org.testng.SuiteRunner.runTest(SuiteRunner.java:384)
at org.testng.SuiteRunner.runSequentially(SuiteRunner.java:378)
at org.testng.SuiteRunner.privateRun(SuiteRunner.java:337)
at org.testng.SuiteRunner.run(SuiteRunner.java:286)
at org.testng.SuiteRunnerWorker.runSuite(SuiteRunnerWorker.java:53)
at org.testng.SuiteRunnerWorker.run(SuiteRunnerWorker.java:96)
at org.testng.TestNG.runSuitesSequentially(TestNG.java:1218)
at org.testng.TestNG.runSuitesLocally(TestNG.java:1140)
at org.testng.TestNG.runSuites(TestNG.java:1069)
at org.testng.TestNG.run(TestNG.java:1037)
at org.testng.remote.AbstractRemoteTestNG.run(AbstractRemoteTestNG.java:115)
at org.testng.remote.RemoteTestNG.initAndRun(RemoteTestNG.java:251)
at org.testng.remote.RemoteTestNG.main(RemoteTestNG.java:77)
]]>
            </full-stacktrace>
          </exception> <!-- org.openqa.selenium.SessionNotCreatedException -->
          <reporter-output>
          </reporter-output>
        </test-method> <!-- pagination -->
        <test-method is-config="true" signature="appoinment_module()[pri:0, instance:opendrtest.opendr_appt_listing@2df3b89c]" started-at="2023-09-01T22:42:10 IST" name="appoinment_module" finished-at="1970-01-01T05:30:00 IST" duration-ms="-1693588330377" status="SKIP">
          <reporter-output>
          </reporter-output>
        </test-method> <!-- appoinment_module -->
        <test-method signature="patientProfileScreen()[pri:4, instance:opendrtest.opendr_appt_listing@2df3b89c]" started-at="2023-09-01T22:42:10 IST" name="patientProfileScreen" finished-at="2023-09-01T22:42:10 IST" duration-ms="0" status="SKIP">
          <exception class="org.openqa.selenium.SessionNotCreatedException">
            <message>
              <![CDATA[session not created: This version of ChromeDriver only supports Chrome version 108
Current browser version is 116.0.5845.141 with binary path C:\Program Files\Google\Chrome\Application\chrome.exe
Build info: version: '3.141.59', revision: 'e82be7d358', time: '2018-11-14T08:17:03'
System info: host: 'ARUNKAMATH', ip: '192.168.0.104', os.name: 'Windows 11', os.arch: 'amd64', os.version: '10.0', java.version: '17.0.8'
Driver info: driver.version: ChromeDriver
remote stacktrace: Backtrace:
(No symbol) [0x010BF243]
(No symbol) [0x01047FD1]
(No symbol) [0x00F3D04D]
(No symbol) [0x00F5F6B4]
(No symbol) [0x00F5A97C]
(No symbol) [0x00F582E9]
(No symbol) [0x00F8F056]
(No symbol) [0x00F8EB2A]
(No symbol) [0x00F88386]
(No symbol) [0x00F6163C]
(No symbol) [0x00F6269D]
GetHandleVerifier [0x01359A22+2655074]
GetHandleVerifier [0x0134CA24+2601828]
GetHandleVerifier [0x01168C0A+619850]
GetHandleVerifier [0x01167830+614768]
(No symbol) [0x010505FC]
(No symbol) [0x01055968]
(No symbol) [0x01055A55]
(No symbol) [0x0106051B]
BaseThreadInitThunk [0x752B7D59+25]
RtlInitializeExceptionChain [0x7757B79B+107]
RtlClearBits [0x7757B71F+191]
]]>
            </message>
            <full-stacktrace>
              <![CDATA[org.openqa.selenium.SessionNotCreatedException: session not created: This version of ChromeDriver only supports Chrome version 108
Current browser version is 116.0.5845.141 with binary path C:\Program Files\Google\Chrome\Application\chrome.exe
Build info: version: '3.141.59', revision: 'e82be7d358', time: '2018-11-14T08:17:03'
System info: host: 'ARUNKAMATH', ip: '192.168.0.104', os.name: 'Windows 11', os.arch: 'amd64', os.version: '10.0', java.version: '17.0.8'
Driver info: driver.version: ChromeDriver
remote stacktrace: Backtrace:
(No symbol) [0x010BF243]
(No symbol) [0x01047FD1]
(No symbol) [0x00F3D04D]
(No symbol) [0x00F5F6B4]
(No symbol) [0x00F5A97C]
(No symbol) [0x00F582E9]
(No symbol) [0x00F8F056]
(No symbol) [0x00F8EB2A]
(No symbol) [0x00F88386]
(No symbol) [0x00F6163C]
(No symbol) [0x00F6269D]
GetHandleVerifier [0x01359A22+2655074]
GetHandleVerifier [0x0134CA24+2601828]
GetHandleVerifier [0x01168C0A+619850]
GetHandleVerifier [0x01167830+614768]
(No symbol) [0x010505FC]
(No symbol) [0x01055968]
(No symbol) [0x01055A55]
(No symbol) [0x0106051B]
BaseThreadInitThunk [0x752B7D59+25]
RtlInitializeExceptionChain [0x7757B79B+107]
RtlClearBits [0x7757B71F+191]

at java.base/jdk.internal.reflect.NativeConstructorAccessorImpl.newInstance0(Native Method)
at java.base/jdk.internal.reflect.NativeConstructorAccessorImpl.newInstance(NativeConstructorAccessorImpl.java:77)
at java.base/jdk.internal.reflect.DelegatingConstructorAccessorImpl.newInstance(DelegatingConstructorAccessorImpl.java:45)
at java.base/java.lang.reflect.Constructor.newInstanceWithCaller(Constructor.java:499)
at java.base/java.lang.reflect.Constructor.newInstance(Constructor.java:480)
at org.openqa.selenium.remote.W3CHandshakeResponse.lambda$errorHandler$0(W3CHandshakeResponse.java:62)
at org.openqa.selenium.remote.HandshakeResponse.lambda$getResponseFunction$0(HandshakeResponse.java:30)
at org.openqa.selenium.remote.ProtocolHandshake.lambda$createSession$0(ProtocolHandshake.java:126)
at java.base/java.util.stream.ReferencePipeline$3$1.accept(ReferencePipeline.java:197)
at java.base/java.util.Spliterators$ArraySpliterator.tryAdvance(Spliterators.java:1002)
at java.base/java.util.stream.ReferencePipeline.forEachWithCancel(ReferencePipeline.java:129)
at java.base/java.util.stream.AbstractPipeline.copyIntoWithCancel(AbstractPipeline.java:527)
at java.base/java.util.stream.AbstractPipeline.copyInto(AbstractPipeline.java:513)
at java.base/java.util.stream.AbstractPipeline.wrapAndCopyInto(AbstractPipeline.java:499)
at java.base/java.util.stream.FindOps$FindOp.evaluateSequential(FindOps.java:150)
at java.base/java.util.stream.AbstractPipeline.evaluate(AbstractPipeline.java:234)
at java.base/java.util.stream.ReferencePipeline.findFirst(ReferencePipeline.java:647)
at org.openqa.selenium.remote.ProtocolHandshake.createSession(ProtocolHandshake.java:128)
at org.openqa.selenium.remote.ProtocolHandshake.createSession(ProtocolHandshake.java:74)
at org.openqa.selenium.remote.HttpCommandExecutor.execute(HttpCommandExecutor.java:136)
at org.openqa.selenium.remote.service.DriverCommandExecutor.execute(DriverCommandExecutor.java:83)
at org.openqa.selenium.remote.RemoteWebDriver.execute(RemoteWebDriver.java:552)
at org.openqa.selenium.remote.RemoteWebDriver.startSession(RemoteWebDriver.java:213)
at org.openqa.selenium.remote.RemoteWebDriver.<init>(RemoteWebDriver.java:131)
at org.openqa.selenium.chrome.ChromeDriver.<init>(ChromeDriver.java:181)
at org.openqa.selenium.chrome.ChromeDriver.<init>(ChromeDriver.java:168)
at org.openqa.selenium.chrome.ChromeDriver.<init>(ChromeDriver.java:123)
at opendrtest.opendr_appt_listing.setup(opendr_appt_listing.java:31)
at java.base/jdk.internal.reflect.NativeMethodAccessorImpl.invoke0(Native Method)
at java.base/jdk.internal.reflect.NativeMethodAccessorImpl.invoke(NativeMethodAccessorImpl.java:77)
at java.base/jdk.internal.reflect.DelegatingMethodAccessorImpl.invoke(DelegatingMethodAccessorImpl.java:43)
at java.base/java.lang.reflect.Method.invoke(Method.java:568)
at org.testng.internal.MethodInvocationHelper.invokeMethod(MethodInvocationHelper.java:132)
at org.testng.internal.MethodInvocationHelper.invokeMethodConsideringTimeout(MethodInvocationHelper.java:61)
at org.testng.internal.ConfigInvoker.invokeConfigurationMethod(ConfigInvoker.java:366)
at org.testng.internal.ConfigInvoker.invokeConfigurations(ConfigInvoker.java:320)
at org.testng.TestRunner.invokeTestConfigurations(TestRunner.java:617)
at org.testng.TestRunner.beforeRun(TestRunner.java:607)
at org.testng.TestRunner.run(TestRunner.java:578)
at org.testng.SuiteRunner.runTest(SuiteRunner.java:384)
at org.testng.SuiteRunner.runSequentially(SuiteRunner.java:378)
at org.testng.SuiteRunner.privateRun(SuiteRunner.java:337)
at org.testng.SuiteRunner.run(SuiteRunner.java:286)
at org.testng.SuiteRunnerWorker.runSuite(SuiteRunnerWorker.java:53)
at org.testng.SuiteRunnerWorker.run(SuiteRunnerWorker.java:96)
at org.testng.TestNG.runSuitesSequentially(TestNG.java:1218)
at org.testng.TestNG.runSuitesLocally(TestNG.java:1140)
at org.testng.TestNG.runSuites(TestNG.java:1069)
at org.testng.TestNG.run(TestNG.java:1037)
at org.testng.remote.AbstractRemoteTestNG.run(AbstractRemoteTestNG.java:115)
at org.testng.remote.RemoteTestNG.initAndRun(RemoteTestNG.java:251)
at org.testng.remote.RemoteTestNG.main(RemoteTestNG.java:77)
]]>
            </full-stacktrace>
          </exception> <!-- org.openqa.selenium.SessionNotCreatedException -->
          <reporter-output>
          </reporter-output>
        </test-method> <!-- patientProfileScreen -->
        <test-method is-config="true" signature="appoinment_module()[pri:0, instance:opendrtest.opendr_appt_listing@2df3b89c]" started-at="2023-09-01T22:42:10 IST" name="appoinment_module" finished-at="1970-01-01T05:30:00 IST" duration-ms="-1693588330384" status="SKIP">
          <reporter-output>
          </reporter-output>
        </test-method> <!-- appoinment_module -->
        <test-method signature="date_filter()[pri:5, instance:opendrtest.opendr_appt_listing@2df3b89c]" started-at="2023-09-01T22:42:10 IST" name="date_filter" finished-at="2023-09-01T22:42:10 IST" duration-ms="0" status="SKIP">
          <exception class="org.openqa.selenium.SessionNotCreatedException">
            <message>
              <![CDATA[session not created: This version of ChromeDriver only supports Chrome version 108
Current browser version is 116.0.5845.141 with binary path C:\Program Files\Google\Chrome\Application\chrome.exe
Build info: version: '3.141.59', revision: 'e82be7d358', time: '2018-11-14T08:17:03'
System info: host: 'ARUNKAMATH', ip: '192.168.0.104', os.name: 'Windows 11', os.arch: 'amd64', os.version: '10.0', java.version: '17.0.8'
Driver info: driver.version: ChromeDriver
remote stacktrace: Backtrace:
(No symbol) [0x010BF243]
(No symbol) [0x01047FD1]
(No symbol) [0x00F3D04D]
(No symbol) [0x00F5F6B4]
(No symbol) [0x00F5A97C]
(No symbol) [0x00F582E9]
(No symbol) [0x00F8F056]
(No symbol) [0x00F8EB2A]
(No symbol) [0x00F88386]
(No symbol) [0x00F6163C]
(No symbol) [0x00F6269D]
GetHandleVerifier [0x01359A22+2655074]
GetHandleVerifier [0x0134CA24+2601828]
GetHandleVerifier [0x01168C0A+619850]
GetHandleVerifier [0x01167830+614768]
(No symbol) [0x010505FC]
(No symbol) [0x01055968]
(No symbol) [0x01055A55]
(No symbol) [0x0106051B]
BaseThreadInitThunk [0x752B7D59+25]
RtlInitializeExceptionChain [0x7757B79B+107]
RtlClearBits [0x7757B71F+191]
]]>
            </message>
            <full-stacktrace>
              <![CDATA[org.openqa.selenium.SessionNotCreatedException: session not created: This version of ChromeDriver only supports Chrome version 108
Current browser version is 116.0.5845.141 with binary path C:\Program Files\Google\Chrome\Application\chrome.exe
Build info: version: '3.141.59', revision: 'e82be7d358', time: '2018-11-14T08:17:03'
System info: host: 'ARUNKAMATH', ip: '192.168.0.104', os.name: 'Windows 11', os.arch: 'amd64', os.version: '10.0', java.version: '17.0.8'
Driver info: driver.version: ChromeDriver
remote stacktrace: Backtrace:
(No symbol) [0x010BF243]
(No symbol) [0x01047FD1]
(No symbol) [0x00F3D04D]
(No symbol) [0x00F5F6B4]
(No symbol) [0x00F5A97C]
(No symbol) [0x00F582E9]
(No symbol) [0x00F8F056]
(No symbol) [0x00F8EB2A]
(No symbol) [0x00F88386]
(No symbol) [0x00F6163C]
(No symbol) [0x00F6269D]
GetHandleVerifier [0x01359A22+2655074]
GetHandleVerifier [0x0134CA24+2601828]
GetHandleVerifier [0x01168C0A+619850]
GetHandleVerifier [0x01167830+614768]
(No symbol) [0x010505FC]
(No symbol) [0x01055968]
(No symbol) [0x01055A55]
(No symbol) [0x0106051B]
BaseThreadInitThunk [0x752B7D59+25]
RtlInitializeExceptionChain [0x7757B79B+107]
RtlClearBits [0x7757B71F+191]

at java.base/jdk.internal.reflect.NativeConstructorAccessorImpl.newInstance0(Native Method)
at java.base/jdk.internal.reflect.NativeConstructorAccessorImpl.newInstance(NativeConstructorAccessorImpl.java:77)
at java.base/jdk.internal.reflect.DelegatingConstructorAccessorImpl.newInstance(DelegatingConstructorAccessorImpl.java:45)
at java.base/java.lang.reflect.Constructor.newInstanceWithCaller(Constructor.java:499)
at java.base/java.lang.reflect.Constructor.newInstance(Constructor.java:480)
at org.openqa.selenium.remote.W3CHandshakeResponse.lambda$errorHandler$0(W3CHandshakeResponse.java:62)
at org.openqa.selenium.remote.HandshakeResponse.lambda$getResponseFunction$0(HandshakeResponse.java:30)
at org.openqa.selenium.remote.ProtocolHandshake.lambda$createSession$0(ProtocolHandshake.java:126)
at java.base/java.util.stream.ReferencePipeline$3$1.accept(ReferencePipeline.java:197)
at java.base/java.util.Spliterators$ArraySpliterator.tryAdvance(Spliterators.java:1002)
at java.base/java.util.stream.ReferencePipeline.forEachWithCancel(ReferencePipeline.java:129)
at java.base/java.util.stream.AbstractPipeline.copyIntoWithCancel(AbstractPipeline.java:527)
at java.base/java.util.stream.AbstractPipeline.copyInto(AbstractPipeline.java:513)
at java.base/java.util.stream.AbstractPipeline.wrapAndCopyInto(AbstractPipeline.java:499)
at java.base/java.util.stream.FindOps$FindOp.evaluateSequential(FindOps.java:150)
at java.base/java.util.stream.AbstractPipeline.evaluate(AbstractPipeline.java:234)
at java.base/java.util.stream.ReferencePipeline.findFirst(ReferencePipeline.java:647)
at org.openqa.selenium.remote.ProtocolHandshake.createSession(ProtocolHandshake.java:128)
at org.openqa.selenium.remote.ProtocolHandshake.createSession(ProtocolHandshake.java:74)
at org.openqa.selenium.remote.HttpCommandExecutor.execute(HttpCommandExecutor.java:136)
at org.openqa.selenium.remote.service.DriverCommandExecutor.execute(DriverCommandExecutor.java:83)
at org.openqa.selenium.remote.RemoteWebDriver.execute(RemoteWebDriver.java:552)
at org.openqa.selenium.remote.RemoteWebDriver.startSession(RemoteWebDriver.java:213)
at org.openqa.selenium.remote.RemoteWebDriver.<init>(RemoteWebDriver.java:131)
at org.openqa.selenium.chrome.ChromeDriver.<init>(ChromeDriver.java:181)
at org.openqa.selenium.chrome.ChromeDriver.<init>(ChromeDriver.java:168)
at org.openqa.selenium.chrome.ChromeDriver.<init>(ChromeDriver.java:123)
at opendrtest.opendr_appt_listing.setup(opendr_appt_listing.java:31)
at java.base/jdk.internal.reflect.NativeMethodAccessorImpl.invoke0(Native Method)
at java.base/jdk.internal.reflect.NativeMethodAccessorImpl.invoke(NativeMethodAccessorImpl.java:77)
at java.base/jdk.internal.reflect.DelegatingMethodAccessorImpl.invoke(DelegatingMethodAccessorImpl.java:43)
at java.base/java.lang.reflect.Method.invoke(Method.java:568)
at org.testng.internal.MethodInvocationHelper.invokeMethod(MethodInvocationHelper.java:132)
at org.testng.internal.MethodInvocationHelper.invokeMethodConsideringTimeout(MethodInvocationHelper.java:61)
at org.testng.internal.ConfigInvoker.invokeConfigurationMethod(ConfigInvoker.java:366)
at org.testng.internal.ConfigInvoker.invokeConfigurations(ConfigInvoker.java:320)
at org.testng.TestRunner.invokeTestConfigurations(TestRunner.java:617)
at org.testng.TestRunner.beforeRun(TestRunner.java:607)
at org.testng.TestRunner.run(TestRunner.java:578)
at org.testng.SuiteRunner.runTest(SuiteRunner.java:384)
at org.testng.SuiteRunner.runSequentially(SuiteRunner.java:378)
at org.testng.SuiteRunner.privateRun(SuiteRunner.java:337)
at org.testng.SuiteRunner.run(SuiteRunner.java:286)
at org.testng.SuiteRunnerWorker.runSuite(SuiteRunnerWorker.java:53)
at org.testng.SuiteRunnerWorker.run(SuiteRunnerWorker.java:96)
at org.testng.TestNG.runSuitesSequentially(TestNG.java:1218)
at org.testng.TestNG.runSuitesLocally(TestNG.java:1140)
at org.testng.TestNG.runSuites(TestNG.java:1069)
at org.testng.TestNG.run(TestNG.java:1037)
at org.testng.remote.AbstractRemoteTestNG.run(AbstractRemoteTestNG.java:115)
at org.testng.remote.RemoteTestNG.initAndRun(RemoteTestNG.java:251)
at org.testng.remote.RemoteTestNG.main(RemoteTestNG.java:77)
]]>
            </full-stacktrace>
          </exception> <!-- org.openqa.selenium.SessionNotCreatedException -->
          <reporter-output>
          </reporter-output>
        </test-method> <!-- date_filter -->
        <test-method is-config="true" signature="tearDown1()[pri:0, instance:opendrtest.opendr_appt_listing@2df3b89c]" started-at="2023-09-01T22:42:10 IST" name="tearDown1" finished-at="1970-01-01T05:30:00 IST" duration-ms="-1693588330390" status="SKIP">
          <reporter-output>
          </reporter-output>
        </test-method> <!-- tearDown1 -->
      </class> <!-- opendrtest.opendr_appt_listing -->
    </test> <!-- Default test -->
  </suite> <!-- Default suite -->
</testng-results>
